2025-06-20 20:31:15 [main] INFO  c.ajiang.loggingservice.LoggingServiceApplication - Starting LoggingServiceApplication using Java 1.8.0_441 on DESKTOP-59ON6PM with PID 29360 (E:\CodeField\Code_Java\Demo\logging-service\target\classes started by AJiang in E:\CodeField\Code_Java\Demo)
2025-06-20 20:31:15 [main] DEBUG c.ajiang.loggingservice.LoggingServiceApplication - Running with Spring Boot v2.6.3, Spring v5.3.15
2025-06-20 20:31:15 [main] INFO  c.ajiang.loggingservice.LoggingServiceApplication - No active profile set, falling back to default profiles: default
2025-06-20 20:31:16 [main] INFO  o.springframework.cloud.context.scope.GenericScope - BeanFactory id=9be9d094-381d-33ab-964d-57204132b005
2025-06-20 20:31:16 [main] INFO  o.s.boot.web.embedded.tomcat.TomcatWebServer - Tomcat initialized with port(s): 8083 (http)
2025-06-20 20:31:16 [main] INFO  org.apache.catalina.core.StandardService - Starting service [Tomcat]
2025-06-20 20:31:16 [main] INFO  org.apache.catalina.core.StandardEngine - Starting Servlet engine: [Apache Tomcat/9.0.56]
2025-06-20 20:31:16 [main] INFO  o.a.c.core.ContainerBase.[Tomcat].[localhost].[/] - Initializing Spring embedded WebApplicationContext
2025-06-20 20:31:16 [main] INFO  o.s.b.w.s.c.ServletWebServerApplicationContext - Root WebApplicationContext: initialization completed in 1541 ms
2025-06-20 20:31:19 [main] WARN  o.s.c.l.c.LoadBalancerCacheAutoConfiguration$LoadBalancerCaffeineWarnLogger - Spring Cloud LoadBalancer is currently working with the default cache. While this cache implementation is useful for development and tests, it's recommended to use Caffeine cache in production.You can switch to using Caffeine cache, by adding it and org.springframework.cache.caffeine.CaffeineCacheManager to the classpath.
2025-06-20 20:31:19 [main] INFO  o.s.b.actuate.endpoint.web.EndpointLinksResolver - Exposing 3 endpoint(s) beneath base path '/actuator'
2025-06-20 20:31:19 [main] INFO  o.s.boot.web.embedded.tomcat.TomcatWebServer - Tomcat started on port(s): 8083 (http) with context path ''
2025-06-20 20:31:19 [main] INFO  c.a.cloud.nacos.registry.NacosServiceRegistry - nacos registry, DEFAULT_GROUP logging-service 10.200.103.211:8083 register finished
2025-06-20 20:31:19 [main] INFO  o.s.a.rabbit.connection.CachingConnectionFactory - Attempting to connect to: [192.168.127.102:5672]
2025-06-20 20:31:19 [main] INFO  o.s.a.rabbit.connection.CachingConnectionFactory - Created new connection: rabbitConnectionFactory#640a8f93:0/SimpleConnection@48aa0813 [delegate=amqp://admin@192.168.127.102:5672/, localPort= 6602]
2025-06-20 20:31:19 [main] INFO  c.ajiang.loggingservice.LoggingServiceApplication - Started LoggingServiceApplication in 5.845 seconds (JVM running for 6.793)
2025-06-20 20:31:20 [RMI TCP Connection(4)-10.200.103.211] INFO  o.a.c.core.ContainerBase.[Tomcat].[localhost].[/] - Initializing Spring DispatcherServlet 'dispatcherServlet'
2025-06-20 20:31:20 [RMI TCP Connection(4)-10.200.103.211] INFO  org.springframework.web.servlet.DispatcherServlet - Initializing Servlet 'dispatcherServlet'
2025-06-20 20:31:20 [RMI TCP Connection(4)-10.200.103.211] INFO  org.springframework.web.servlet.DispatcherServlet - Completed initialization in 1 ms
2025-06-20 20:31:21 [RMI TCP Connection(3)-10.200.103.211] INFO  com.zaxxer.hikari.HikariDataSource - HikariPool-1 - Starting...
2025-06-20 20:31:21 [RMI TCP Connection(3)-10.200.103.211] INFO  com.zaxxer.hikari.HikariDataSource - HikariPool-1 - Start completed.
2025-06-20 20:42:36 [org.springframework.amqp.rabbit.RabbitListenerEndpointContainer#0-1] INFO  c.a.loggingservice.listener.OperationLogListener - 接收到操作日志消息: {"ip":"0:0:0:0:0:0:0:1","action":"USER_REGISTER","detail":"{\"phone\":\"13800138000\",\"email\":\"user13@example.com\",\"username\":\"user13\"}","userId":1936041994059313154}
2025-06-20 20:42:36 [org.springframework.amqp.rabbit.RabbitListenerEndpointContainer#0-1] INFO  c.a.loggingservice.listener.OperationLogListener - 操作日志保存成功: logId=1936041997704228865, userId=1936041994059313154, action=USER_REGISTER
2025-06-20 20:43:19 [org.springframework.amqp.rabbit.RabbitListenerEndpointContainer#0-2] INFO  c.a.loggingservice.listener.OperationLogListener - 接收到操作日志消息: {"ip":"0:0:0:0:0:0:0:1","action":"USER_REGISTER","detail":"{\"phone\":\"13800138000\",\"email\":\"user14@example.com\",\"username\":\"user14\"}","userId":1936042177404923905}
2025-06-20 20:43:19 [org.springframework.amqp.rabbit.RabbitListenerEndpointContainer#0-2] INFO  c.a.loggingservice.listener.OperationLogListener - 操作日志保存成功: logId=1936042177572761601, userId=1936042177404923905, action=USER_REGISTER
2025-06-20 20:45:26 [org.springframework.amqp.rabbit.RabbitListenerEndpointContainer#0-3] INFO  c.a.loggingservice.listener.OperationLogListener - 接收到操作日志消息: {"ip":"0:0:0:0:0:0:0:1","action":"USER_LOGIN","detail":"{\"username\":\"user14\"}","userId":1936042177404923905}
2025-06-20 20:45:26 [org.springframework.amqp.rabbit.RabbitListenerEndpointContainer#0-3] INFO  c.a.loggingservice.listener.OperationLogListener - 操作日志保存成功: logId=1936042709561503745, userId=1936042177404923905, action=USER_LOGIN
2025-06-20 20:46:33 [org.springframework.amqp.rabbit.RabbitListenerEndpointContainer#0-4] INFO  c.a.loggingservice.listener.OperationLogListener - 接收到操作日志消息: {"ip":"0:0:0:0:0:0:0:1","action":"USER_LIST_VIEW","detail":"{\"resultCount\":10,\"currentUserRole\":\"super_admin\",\"pageNo\":1,\"viewType\":\"user_list\",\"pageSize\":10}","userId":1936042177404923905}
2025-06-20 20:46:33 [org.springframework.amqp.rabbit.RabbitListenerEndpointContainer#0-4] INFO  c.a.loggingservice.listener.OperationLogListener - 操作日志保存成功: logId=1936042990043000833, userId=1936042177404923905, action=USER_LIST_VIEW
2025-06-20 20:48:50 [org.springframework.amqp.rabbit.RabbitListenerEndpointContainer#0-5] INFO  c.a.loggingservice.listener.OperationLogListener - 接收到操作日志消息: {"ip":"0:0:0:0:0:0:0:1","action":"USER_LIST_VIEW","detail":"{\"resultCount\":1,\"currentUserRole\":\"user\",\"pageNo\":1,\"viewType\":\"user_list\",\"pageSize\":10}","userId":1936042177404923905}
2025-06-20 20:48:50 [org.springframework.amqp.rabbit.RabbitListenerEndpointContainer#0-5] INFO  c.a.loggingservice.listener.OperationLogListener - 操作日志保存成功: logId=1936043565828665346, userId=1936042177404923905, action=USER_LIST_VIEW
2025-06-20 21:07:51 [org.springframework.amqp.rabbit.RabbitListenerEndpointContainer#0-1] INFO  c.a.loggingservice.listener.OperationLogListener - 接收到操作日志消息: {"ip":"0:0:0:0:0:0:0:1","action":"USER_LIST_VIEW","detail":"{\"resultCount\":7,\"currentUserRole\":\"super_admin\",\"pageNo\":1,\"viewType\":\"user_list\",\"pageSize\":10}","userId":1936042177404923905}
2025-06-20 21:07:51 [org.springframework.amqp.rabbit.RabbitListenerEndpointContainer#0-1] INFO  c.a.loggingservice.listener.OperationLogListener - 操作日志保存成功: logId=1936048352062205953, userId=1936042177404923905, action=USER_LIST_VIEW
2025-06-20 21:08:31 [org.springframework.amqp.rabbit.RabbitListenerEndpointContainer#0-2] INFO  c.a.loggingservice.listener.OperationLogListener - 接收到操作日志消息: {"ip":"0:0:0:0:0:0:0:1","action":"USER_LIST_VIEW","detail":"{\"resultCount\":7,\"currentUserRole\":\"super_admin\",\"pageNo\":1,\"viewType\":\"user_list\",\"pageSize\":10}","userId":1936042177404923905}
2025-06-20 21:08:31 [org.springframework.amqp.rabbit.RabbitListenerEndpointContainer#0-2] INFO  c.a.loggingservice.listener.OperationLogListener - 操作日志保存成功: logId=1936048516743163906, userId=1936042177404923905, action=USER_LIST_VIEW
2025-06-20 21:09:07 [org.springframework.amqp.rabbit.RabbitListenerEndpointContainer#0-3] INFO  c.a.loggingservice.listener.OperationLogListener - 接收到操作日志消息: {"ip":"0:0:0:0:0:0:0:1","action":"USER_LIST_VIEW","detail":"{\"resultCount\":5,\"currentUserRole\":\"admin\",\"pageNo\":1,\"viewType\":\"user_list\",\"pageSize\":10}","userId":1936042177404923905}
2025-06-20 21:09:07 [org.springframework.amqp.rabbit.RabbitListenerEndpointContainer#0-3] INFO  c.a.loggingservice.listener.OperationLogListener - 操作日志保存成功: logId=1936048669034147841, userId=1936042177404923905, action=USER_LIST_VIEW
2025-06-20 21:09:19 [org.springframework.amqp.rabbit.RabbitListenerEndpointContainer#0-4] INFO  c.a.loggingservice.listener.OperationLogListener - 接收到操作日志消息: {"ip":"0:0:0:0:0:0:0:1","action":"USER_LIST_VIEW","detail":"{\"resultCount\":5,\"currentUserRole\":\"admin\",\"pageNo\":1,\"viewType\":\"user_list\",\"pageSize\":10}","userId":1936042177404923905}
2025-06-20 21:09:19 [org.springframework.amqp.rabbit.RabbitListenerEndpointContainer#0-4] INFO  c.a.loggingservice.listener.OperationLogListener - 操作日志保存成功: logId=1936048719630036993, userId=1936042177404923905, action=USER_LIST_VIEW
2025-06-20 21:09:27 [org.springframework.amqp.rabbit.RabbitListenerEndpointContainer#0-5] INFO  c.a.loggingservice.listener.OperationLogListener - 接收到操作日志消息: {"ip":"0:0:0:0:0:0:0:1","action":"USER_LIST_VIEW","detail":"{\"resultCount\":7,\"currentUserRole\":\"super_admin\",\"pageNo\":1,\"viewType\":\"user_list\",\"pageSize\":10}","userId":1936042177404923905}
2025-06-20 21:09:27 [org.springframework.amqp.rabbit.RabbitListenerEndpointContainer#0-5] INFO  c.a.loggingservice.listener.OperationLogListener - 操作日志保存成功: logId=1936048754484703234, userId=1936042177404923905, action=USER_LIST_VIEW
2025-06-20 21:13:19 [org.springframework.amqp.rabbit.RabbitListenerEndpointContainer#0-1] INFO  c.a.loggingservice.listener.OperationLogListener - 接收到操作日志消息: {"ip":"0:0:0:0:0:0:0:1","action":"USER_LIST_VIEW","detail":"{\"resultCount\":7,\"currentUserRole\":\"super_admin\",\"pageNo\":1,\"viewType\":\"user_list\",\"pageSize\":10}","userId":1936042177404923905}
2025-06-20 21:13:19 [org.springframework.amqp.rabbit.RabbitListenerEndpointContainer#0-1] INFO  c.a.loggingservice.listener.OperationLogListener - 操作日志保存成功: logId=1936049726221053954, userId=1936042177404923905, action=USER_LIST_VIEW
2025-06-20 21:13:36 [Thread-12] WARN  com.alibaba.nacos.common.http.HttpClientBeanHolder - [HttpClientBeanHolder] Start destroying common HttpClient
2025-06-20 21:13:36 [Thread-18] WARN  com.alibaba.nacos.common.notify.NotifyCenter - [NotifyCenter] Start destroying Publisher
2025-06-20 21:13:36 [Thread-18] WARN  com.alibaba.nacos.common.notify.NotifyCenter - [NotifyCenter] Destruction of the end
2025-06-20 21:13:36 [Thread-12] WARN  com.alibaba.nacos.common.http.HttpClientBeanHolder - [HttpClientBeanHolder] Destruction of the end
2025-06-20 21:13:36 [SpringApplicationShutdownHook] INFO  o.s.a.r.listener.SimpleMessageListenerContainer - Waiting for workers to finish.
2025-06-20 21:13:37 [SpringApplicationShutdownHook] INFO  o.s.a.r.listener.SimpleMessageListenerContainer - Successfully waited for workers to finish.
2025-06-20 21:13:37 [SpringApplicationShutdownHook] INFO  c.a.cloud.nacos.registry.NacosServiceRegistry - De-registering from Nacos Server now...
2025-06-20 21:13:37 [SpringApplicationShutdownHook] INFO  c.a.cloud.nacos.registry.NacosServiceRegistry - De-registration finished.
2025-06-20 21:13:44 [SpringApplicationShutdownHook] INFO  com.zaxxer.hikari.HikariDataSource - HikariPool-1 - Shutdown initiated...
2025-06-20 21:13:44 [SpringApplicationShutdownHook] INFO  com.zaxxer.hikari.HikariDataSource - HikariPool-1 - Shutdown completed.
2025-06-20 21:14:05 [main] INFO  c.ajiang.loggingservice.LoggingServiceApplication - Starting LoggingServiceApplication using Java 1.8.0_441 on DESKTOP-59ON6PM with PID 28576 (E:\CodeField\Code_Java\Demo\logging-service\target\classes started by AJiang in E:\CodeField\Code_Java\Demo)
2025-06-20 21:14:05 [main] DEBUG c.ajiang.loggingservice.LoggingServiceApplication - Running with Spring Boot v2.6.3, Spring v5.3.15
2025-06-20 21:14:05 [main] INFO  c.ajiang.loggingservice.LoggingServiceApplication - No active profile set, falling back to default profiles: default
2025-06-20 21:14:06 [main] INFO  o.springframework.cloud.context.scope.GenericScope - BeanFactory id=9be9d094-381d-33ab-964d-57204132b005
2025-06-20 21:14:07 [main] INFO  o.s.boot.web.embedded.tomcat.TomcatWebServer - Tomcat initialized with port(s): 8083 (http)
2025-06-20 21:14:07 [main] INFO  org.apache.catalina.core.StandardService - Starting service [Tomcat]
2025-06-20 21:14:07 [main] INFO  org.apache.catalina.core.StandardEngine - Starting Servlet engine: [Apache Tomcat/9.0.56]
2025-06-20 21:14:07 [main] INFO  o.a.c.core.ContainerBase.[Tomcat].[localhost].[/] - Initializing Spring embedded WebApplicationContext
2025-06-20 21:14:07 [main] INFO  o.s.b.w.s.c.ServletWebServerApplicationContext - Root WebApplicationContext: initialization completed in 1977 ms
2025-06-20 21:14:10 [main] WARN  o.s.c.l.c.LoadBalancerCacheAutoConfiguration$LoadBalancerCaffeineWarnLogger - Spring Cloud LoadBalancer is currently working with the default cache. While this cache implementation is useful for development and tests, it's recommended to use Caffeine cache in production.You can switch to using Caffeine cache, by adding it and org.springframework.cache.caffeine.CaffeineCacheManager to the classpath.
2025-06-20 21:14:10 [main] INFO  o.s.b.actuate.endpoint.web.EndpointLinksResolver - Exposing 3 endpoint(s) beneath base path '/actuator'
2025-06-20 21:14:10 [main] INFO  o.s.boot.web.embedded.tomcat.TomcatWebServer - Tomcat started on port(s): 8083 (http) with context path ''
2025-06-20 21:14:10 [main] INFO  c.a.cloud.nacos.registry.NacosServiceRegistry - nacos registry, DEFAULT_GROUP logging-service 10.200.103.211:8083 register finished
2025-06-20 21:14:11 [main] INFO  o.s.a.rabbit.connection.CachingConnectionFactory - Attempting to connect to: [192.168.127.102:5672]
2025-06-20 21:14:11 [main] INFO  o.s.a.rabbit.connection.CachingConnectionFactory - Created new connection: rabbitConnectionFactory#6335f04a:0/SimpleConnection@45849604 [delegate=amqp://admin@192.168.127.102:5672/, localPort= 6852]
2025-06-20 21:14:11 [main] INFO  c.ajiang.loggingservice.LoggingServiceApplication - Started LoggingServiceApplication in 7.158 seconds (JVM running for 8.057)
2025-06-20 21:14:11 [RMI TCP Connection(1)-10.200.103.211] INFO  com.zaxxer.hikari.HikariDataSource - HikariPool-1 - Starting...
2025-06-20 21:14:11 [RMI TCP Connection(1)-10.200.103.211] INFO  com.zaxxer.hikari.HikariDataSource - HikariPool-1 - Start completed.
2025-06-20 21:14:11 [RMI TCP Connection(3)-10.200.103.211] INFO  o.a.c.core.ContainerBase.[Tomcat].[localhost].[/] - Initializing Spring DispatcherServlet 'dispatcherServlet'
2025-06-20 21:14:11 [RMI TCP Connection(3)-10.200.103.211] INFO  org.springframework.web.servlet.DispatcherServlet - Initializing Servlet 'dispatcherServlet'
2025-06-20 21:14:11 [RMI TCP Connection(3)-10.200.103.211] INFO  org.springframework.web.servlet.DispatcherServlet - Completed initialization in 2 ms
2025-06-20 21:14:31 [org.springframework.amqp.rabbit.RabbitListenerEndpointContainer#0-5] INFO  c.a.loggingservice.listener.OperationLogListener - 接收到操作日志消息: {"ip":"0:0:0:0:0:0:0:1","action":"USER_LOGIN","detail":"{\"username\":\"user14\"}","userId":1936042177404923905}
2025-06-20 21:14:31 [org.springframework.amqp.rabbit.RabbitListenerEndpointContainer#0-5] INFO  c.a.loggingservice.listener.OperationLogListener - 操作日志保存成功: logId=1936050027011272706, userId=1936042177404923905, action=USER_LOGIN
2025-06-20 21:14:51 [org.springframework.amqp.rabbit.RabbitListenerEndpointContainer#0-2] INFO  c.a.loggingservice.listener.OperationLogListener - 接收到操作日志消息: {"ip":"0:0:0:0:0:0:0:1","action":"USER_LIST_VIEW","detail":"{\"resultCount\":7,\"currentUserRole\":\"super_admin\",\"pageNo\":1,\"viewType\":\"user_list\",\"pageSize\":10}","userId":1936042177404923905}
2025-06-20 21:14:51 [org.springframework.amqp.rabbit.RabbitListenerEndpointContainer#0-2] INFO  c.a.loggingservice.listener.OperationLogListener - 操作日志保存成功: logId=1936050113351020546, userId=1936042177404923905, action=USER_LIST_VIEW
2025-06-20 21:15:31 [org.springframework.amqp.rabbit.RabbitListenerEndpointContainer#0-4] INFO  c.a.loggingservice.listener.OperationLogListener - 接收到操作日志消息: {"ip":"0:0:0:0:0:0:0:1","action":"USER_REGISTER","detail":"{\"phone\":\"13800138000\",\"email\":\"user15@example.com\",\"username\":\"user15\"}","userId":1936050278136881153}
2025-06-20 21:15:31 [org.springframework.amqp.rabbit.RabbitListenerEndpointContainer#0-4] INFO  c.a.loggingservice.listener.OperationLogListener - 操作日志保存成功: logId=1936050278413660161, userId=1936050278136881153, action=USER_REGISTER
2025-06-20 21:17:07 [org.springframework.amqp.rabbit.RabbitListenerEndpointContainer#0-1] INFO  c.a.loggingservice.listener.OperationLogListener - 接收到操作日志消息: {"ip":"0:0:0:0:0:0:0:1","action":"USER_LIST_VIEW","detail":"{\"resultCount\":6,\"currentUserRole\":\"admin\",\"pageNo\":1,\"viewType\":\"user_list\",\"pageSize\":10}","userId":1936042177404923905}
2025-06-20 21:17:07 [org.springframework.amqp.rabbit.RabbitListenerEndpointContainer#0-1] INFO  c.a.loggingservice.listener.OperationLogListener - 操作日志保存成功: logId=1936050681037484034, userId=1936042177404923905, action=USER_LIST_VIEW
2025-06-20 21:18:16 [org.springframework.amqp.rabbit.RabbitListenerEndpointContainer#0-3] INFO  c.a.loggingservice.listener.OperationLogListener - 接收到操作日志消息: {"ip":"0:0:0:0:0:0:0:1","action":"USER_REGISTER","detail":"{\"phone\":\"13800138000\",\"email\":\"user0@example.com\",\"username\":\"user0\"}","userId":1936050972076089345}
2025-06-20 21:18:16 [org.springframework.amqp.rabbit.RabbitListenerEndpointContainer#0-3] INFO  c.a.loggingservice.listener.OperationLogListener - 操作日志保存成功: logId=1936050972122181633, userId=1936050972076089345, action=USER_REGISTER
2025-06-20 21:18:42 [org.springframework.amqp.rabbit.RabbitListenerEndpointContainer#0-5] INFO  c.a.loggingservice.listener.OperationLogListener - 接收到操作日志消息: {"ip":"0:0:0:0:0:0:0:1","action":"USER_REGISTER","detail":"{\"phone\":\"13800138000\",\"email\":\"user1@example.com\",\"username\":\"user1\"}","userId":1936051080884723714}
2025-06-20 21:18:42 [org.springframework.amqp.rabbit.RabbitListenerEndpointContainer#0-5] INFO  c.a.loggingservice.listener.OperationLogListener - 操作日志保存成功: logId=1936051080897261570, userId=1936051080884723714, action=USER_REGISTER
2025-06-20 21:18:58 [org.springframework.amqp.rabbit.RabbitListenerEndpointContainer#0-2] INFO  c.a.loggingservice.listener.OperationLogListener - 接收到操作日志消息: {"ip":"0:0:0:0:0:0:0:1","action":"USER_REGISTER","detail":"{\"phone\":\"13800138000\",\"email\":\"user2@example.com\",\"username\":\"user2\"}","userId":1936051149784555521}
2025-06-20 21:18:58 [org.springframework.amqp.rabbit.RabbitListenerEndpointContainer#0-2] INFO  c.a.loggingservice.listener.OperationLogListener - 操作日志保存成功: logId=1936051149855813633, userId=1936051149784555521, action=USER_REGISTER
2025-06-20 21:19:06 [org.springframework.amqp.rabbit.RabbitListenerEndpointContainer#0-4] INFO  c.a.loggingservice.listener.OperationLogListener - 接收到操作日志消息: {"ip":"0:0:0:0:0:0:0:1","action":"USER_REGISTER","detail":"{\"phone\":\"13800138000\",\"email\":\"user3@example.com\",\"username\":\"user3\"}","userId":1936051180059041793}
2025-06-20 21:19:06 [org.springframework.amqp.rabbit.RabbitListenerEndpointContainer#0-4] INFO  c.a.loggingservice.listener.OperationLogListener - 操作日志保存成功: logId=1936051180159660034, userId=1936051180059041793, action=USER_REGISTER
2025-06-20 21:19:12 [org.springframework.amqp.rabbit.RabbitListenerEndpointContainer#0-1] INFO  c.a.loggingservice.listener.OperationLogListener - 接收到操作日志消息: {"ip":"0:0:0:0:0:0:0:1","action":"USER_REGISTER","detail":"{\"phone\":\"13800138000\",\"email\":\"user4@example.com\",\"username\":\"user4\"}","userId":1936051207493984257}
2025-06-20 21:19:12 [org.springframework.amqp.rabbit.RabbitListenerEndpointContainer#0-1] INFO  c.a.loggingservice.listener.OperationLogListener - 操作日志保存成功: logId=1936051207565242369, userId=1936051207493984257, action=USER_REGISTER
2025-06-20 21:19:18 [org.springframework.amqp.rabbit.RabbitListenerEndpointContainer#0-3] INFO  c.a.loggingservice.listener.OperationLogListener - 接收到操作日志消息: {"ip":"0:0:0:0:0:0:0:1","action":"USER_REGISTER","detail":"{\"phone\":\"13800138000\",\"email\":\"user5@example.com\",\"username\":\"user5\"}","userId":1936051232051634178}
2025-06-20 21:19:18 [org.springframework.amqp.rabbit.RabbitListenerEndpointContainer#0-3] INFO  c.a.loggingservice.listener.OperationLogListener - 操作日志保存成功: logId=1936051232114503681, userId=1936051232051634178, action=USER_REGISTER
2025-06-20 21:19:30 [org.springframework.amqp.rabbit.RabbitListenerEndpointContainer#0-5] INFO  c.a.loggingservice.listener.OperationLogListener - 接收到操作日志消息: {"ip":"0:0:0:0:0:0:0:1","action":"USER_REGISTER","detail":"{\"phone\":\"13800138000\",\"email\":\"user6@example.com\",\"username\":\"user6\"}","userId":1936051281317928961}
2025-06-20 21:19:30 [org.springframework.amqp.rabbit.RabbitListenerEndpointContainer#0-5] INFO  c.a.loggingservice.listener.OperationLogListener - 操作日志保存成功: logId=1936051281313689601, userId=1936051281317928961, action=USER_REGISTER
2025-06-20 21:19:36 [org.springframework.amqp.rabbit.RabbitListenerEndpointContainer#0-2] INFO  c.a.loggingservice.listener.OperationLogListener - 接收到操作日志消息: {"ip":"0:0:0:0:0:0:0:1","action":"USER_REGISTER","detail":"{\"phone\":\"13800138000\",\"email\":\"user7@example.com\",\"username\":\"user7\"}","userId":1936051308551544834}
2025-06-20 21:19:36 [org.springframework.amqp.rabbit.RabbitListenerEndpointContainer#0-2] INFO  c.a.loggingservice.listener.OperationLogListener - 操作日志保存成功: logId=1936051308568276993, userId=1936051308551544834, action=USER_REGISTER
2025-06-20 21:19:40 [org.springframework.amqp.rabbit.RabbitListenerEndpointContainer#0-4] INFO  c.a.loggingservice.listener.OperationLogListener - 接收到操作日志消息: {"ip":"0:0:0:0:0:0:0:1","action":"USER_REGISTER","detail":"{\"phone\":\"13800138000\",\"email\":\"user8@example.com\",\"username\":\"user8\"}","userId":1936051324531843074}
2025-06-20 21:19:40 [org.springframework.amqp.rabbit.RabbitListenerEndpointContainer#0-4] INFO  c.a.loggingservice.listener.OperationLogListener - 操作日志保存成功: logId=1936051324540186626, userId=1936051324531843074, action=USER_REGISTER
2025-06-20 21:19:44 [org.springframework.amqp.rabbit.RabbitListenerEndpointContainer#0-1] INFO  c.a.loggingservice.listener.OperationLogListener - 接收到操作日志消息: {"ip":"0:0:0:0:0:0:0:1","action":"USER_REGISTER","detail":"{\"phone\":\"13800138000\",\"email\":\"user9@example.com\",\"username\":\"user9\"}","userId":1936051342688985089}
2025-06-20 21:19:44 [org.springframework.amqp.rabbit.RabbitListenerEndpointContainer#0-1] INFO  c.a.loggingservice.listener.OperationLogListener - 操作日志保存成功: logId=1936051342718300161, userId=1936051342688985089, action=USER_REGISTER
2025-06-20 21:19:50 [org.springframework.amqp.rabbit.RabbitListenerEndpointContainer#0-3] INFO  c.a.loggingservice.listener.OperationLogListener - 接收到操作日志消息: {"ip":"0:0:0:0:0:0:0:1","action":"USER_REGISTER","detail":"{\"phone\":\"13800138000\",\"email\":\"user10@example.com\",\"username\":\"user10\"}","userId":1936051365745074178}
2025-06-20 21:19:50 [org.springframework.amqp.rabbit.RabbitListenerEndpointContainer#0-3] INFO  c.a.loggingservice.listener.OperationLogListener - 操作日志保存成功: logId=1936051365799555074, userId=1936051365745074178, action=USER_REGISTER
2025-06-20 21:19:54 [org.springframework.amqp.rabbit.RabbitListenerEndpointContainer#0-5] INFO  c.a.loggingservice.listener.OperationLogListener - 接收到操作日志消息: {"ip":"0:0:0:0:0:0:0:1","action":"USER_REGISTER","detail":"{\"phone\":\"13800138000\",\"email\":\"user11@example.com\",\"username\":\"user11\"}","userId":1936051384288092162}
2025-06-20 21:19:54 [org.springframework.amqp.rabbit.RabbitListenerEndpointContainer#0-5] INFO  c.a.loggingservice.listener.OperationLogListener - 操作日志保存成功: logId=1936051384376127489, userId=1936051384288092162, action=USER_REGISTER
2025-06-20 21:20:01 [org.springframework.amqp.rabbit.RabbitListenerEndpointContainer#0-2] INFO  c.a.loggingservice.listener.OperationLogListener - 接收到操作日志消息: {"ip":"0:0:0:0:0:0:0:1","action":"USER_REGISTER","detail":"{\"phone\":\"13800138000\",\"email\":\"user12@example.com\",\"username\":\"user12\"}","userId":1936051413107154945}
2025-06-20 21:20:01 [org.springframework.amqp.rabbit.RabbitListenerEndpointContainer#0-2] INFO  c.a.loggingservice.listener.OperationLogListener - 操作日志保存成功: logId=1936051413123887106, userId=1936051413107154945, action=USER_REGISTER
2025-06-20 21:20:05 [org.springframework.amqp.rabbit.RabbitListenerEndpointContainer#0-4] INFO  c.a.loggingservice.listener.OperationLogListener - 接收到操作日志消息: {"ip":"0:0:0:0:0:0:0:1","action":"USER_REGISTER","detail":"{\"phone\":\"13800138000\",\"email\":\"user13@example.com\",\"username\":\"user13\"}","userId":1936051430769369089}
2025-06-20 21:20:05 [org.springframework.amqp.rabbit.RabbitListenerEndpointContainer#0-4] INFO  c.a.loggingservice.listener.OperationLogListener - 操作日志保存成功: logId=1936051430840627201, userId=1936051430769369089, action=USER_REGISTER
2025-06-20 21:20:11 [org.springframework.amqp.rabbit.RabbitListenerEndpointContainer#0-1] INFO  c.a.loggingservice.listener.OperationLogListener - 接收到操作日志消息: {"ip":"0:0:0:0:0:0:0:1","action":"USER_REGISTER","detail":"{\"phone\":\"13800138000\",\"email\":\"user14@example.com\",\"username\":\"user14\"}","userId":1936051454249082881}
2025-06-20 21:20:11 [org.springframework.amqp.rabbit.RabbitListenerEndpointContainer#0-1] INFO  c.a.loggingservice.listener.OperationLogListener - 操作日志保存成功: logId=1936051454324535297, userId=1936051454249082881, action=USER_REGISTER
2025-06-20 21:20:16 [org.springframework.amqp.rabbit.RabbitListenerEndpointContainer#0-3] INFO  c.a.loggingservice.listener.OperationLogListener - 接收到操作日志消息: {"ip":"0:0:0:0:0:0:0:1","action":"USER_REGISTER","detail":"{\"phone\":\"13800138000\",\"email\":\"user15@example.com\",\"username\":\"user15\"}","userId":1936051476004937729}
2025-06-20 21:20:16 [org.springframework.amqp.rabbit.RabbitListenerEndpointContainer#0-3] INFO  c.a.loggingservice.listener.OperationLogListener - 操作日志保存成功: logId=1936051476055224322, userId=1936051476004937729, action=USER_REGISTER
2025-06-20 21:21:26 [org.springframework.amqp.rabbit.RabbitListenerEndpointContainer#0-5] INFO  c.a.loggingservice.listener.OperationLogListener - 接收到操作日志消息: {"ip":"0:0:0:0:0:0:0:1","action":"USER_REGISTER","detail":"{\"phone\":\"13800138000\",\"email\":\"user16@example.com\",\"username\":\"user16\"}","userId":1936051769631383553}
2025-06-20 21:21:26 [org.springframework.amqp.rabbit.RabbitListenerEndpointContainer#0-5] INFO  c.a.loggingservice.listener.OperationLogListener - 操作日志保存成功: logId=1936051769643921409, userId=1936051769631383553, action=USER_REGISTER
2025-06-20 21:21:32 [org.springframework.amqp.rabbit.RabbitListenerEndpointContainer#0-2] INFO  c.a.loggingservice.listener.OperationLogListener - 接收到操作日志消息: {"ip":"0:0:0:0:0:0:0:1","action":"USER_REGISTER","detail":"{\"phone\":\"13800138000\",\"email\":\"user17@example.com\",\"username\":\"user17\"}","userId":1936051794700738561}
2025-06-20 21:21:32 [org.springframework.amqp.rabbit.RabbitListenerEndpointContainer#0-2] INFO  c.a.loggingservice.listener.OperationLogListener - 操作日志保存成功: logId=1936051794746830849, userId=1936051794700738561, action=USER_REGISTER
2025-06-20 21:21:36 [org.springframework.amqp.rabbit.RabbitListenerEndpointContainer#0-4] INFO  c.a.loggingservice.listener.OperationLogListener - 接收到操作日志消息: {"ip":"0:0:0:0:0:0:0:1","action":"USER_REGISTER","detail":"{\"phone\":\"13800138000\",\"email\":\"user18@example.com\",\"username\":\"user18\"}","userId":1936051811872219138}
2025-06-20 21:21:36 [org.springframework.amqp.rabbit.RabbitListenerEndpointContainer#0-4] INFO  c.a.loggingservice.listener.OperationLogListener - 操作日志保存成功: logId=1936051811884756994, userId=1936051811872219138, action=USER_REGISTER
2025-06-20 21:21:40 [org.springframework.amqp.rabbit.RabbitListenerEndpointContainer#0-1] INFO  c.a.loggingservice.listener.OperationLogListener - 接收到操作日志消息: {"ip":"0:0:0:0:0:0:0:1","action":"USER_REGISTER","detail":"{\"phone\":\"13800138000\",\"email\":\"user19@example.com\",\"username\":\"user19\"}","userId":1936051829723176962}
2025-06-20 21:21:40 [org.springframework.amqp.rabbit.RabbitListenerEndpointContainer#0-1] INFO  c.a.loggingservice.listener.OperationLogListener - 操作日志保存成功: logId=1936051829731520513, userId=1936051829723176962, action=USER_REGISTER
2025-06-20 21:21:45 [org.springframework.amqp.rabbit.RabbitListenerEndpointContainer#0-3] INFO  c.a.loggingservice.listener.OperationLogListener - 接收到操作日志消息: {"ip":"0:0:0:0:0:0:0:1","action":"USER_REGISTER","detail":"{\"phone\":\"13800138000\",\"email\":\"user20@example.com\",\"username\":\"user20\"}","userId":1936051850619199490}
2025-06-20 21:21:45 [org.springframework.amqp.rabbit.RabbitListenerEndpointContainer#0-3] INFO  c.a.loggingservice.listener.OperationLogListener - 操作日志保存成功: logId=1936051850661097474, userId=1936051850619199490, action=USER_REGISTER
2025-06-20 21:26:41 [org.springframework.amqp.rabbit.RabbitListenerEndpointContainer#0-5] INFO  c.a.loggingservice.listener.OperationLogListener - 接收到操作日志消息: {"ip":"0:0:0:0:0:0:0:1","action":"USER_REGISTER","detail":"{\"phone\":\"13800138000\",\"email\":\"user21@example.com\",\"username\":\"user21\"}","userId":1936053091831193601}
2025-06-20 21:26:41 [org.springframework.amqp.rabbit.RabbitListenerEndpointContainer#0-5] INFO  c.a.loggingservice.listener.OperationLogListener - 操作日志保存成功: logId=1936053091894063105, userId=1936053091831193601, action=USER_REGISTER
2025-06-20 21:26:46 [org.springframework.amqp.rabbit.RabbitListenerEndpointContainer#0-2] INFO  c.a.loggingservice.listener.OperationLogListener - 接收到操作日志消息: {"ip":"0:0:0:0:0:0:0:1","action":"USER_REGISTER","detail":"{\"phone\":\"13800138000\",\"email\":\"user22@example.com\",\"username\":\"user22\"}","userId":1936053111691223041}
2025-06-20 21:26:46 [org.springframework.amqp.rabbit.RabbitListenerEndpointContainer#0-2] INFO  c.a.loggingservice.listener.OperationLogListener - 操作日志保存成功: logId=1936053111754092546, userId=1936053111691223041, action=USER_REGISTER
2025-06-20 21:26:51 [org.springframework.amqp.rabbit.RabbitListenerEndpointContainer#0-4] INFO  c.a.loggingservice.listener.OperationLogListener - 接收到操作日志消息: {"ip":"0:0:0:0:0:0:0:1","action":"USER_REGISTER","detail":"{\"phone\":\"13800138000\",\"email\":\"user23@example.com\",\"username\":\"user23\"}","userId":1936053131966488578}
2025-06-20 21:26:51 [org.springframework.amqp.rabbit.RabbitListenerEndpointContainer#0-4] INFO  c.a.loggingservice.listener.OperationLogListener - 操作日志保存成功: logId=1936053132092272641, userId=1936053131966488578, action=USER_REGISTER
2025-06-20 21:29:13 [org.springframework.amqp.rabbit.RabbitListenerEndpointContainer#0-1] INFO  c.a.loggingservice.listener.OperationLogListener - 接收到操作日志消息: {"ip":"0:0:0:0:0:0:0:1","action":"USER_LOGIN","detail":"{\"username\":\"user0\"}","userId":1936050972076089345}
2025-06-20 21:29:13 [org.springframework.amqp.rabbit.RabbitListenerEndpointContainer#0-1] INFO  c.a.loggingservice.listener.OperationLogListener - 操作日志保存成功: logId=1936053726337069057, userId=1936050972076089345, action=USER_LOGIN
2025-06-20 21:29:22 [org.springframework.amqp.rabbit.RabbitListenerEndpointContainer#0-3] INFO  c.a.loggingservice.listener.OperationLogListener - 接收到操作日志消息: {"ip":"0:0:0:0:0:0:0:1","action":"USER_LIST_VIEW","detail":"{\"resultCount\":10,\"currentUserRole\":\"super_admin\",\"pageNo\":1,\"viewType\":\"user_list\",\"pageSize\":10}","userId":1936050972076089345}
2025-06-20 21:29:22 [org.springframework.amqp.rabbit.RabbitListenerEndpointContainer#0-3] INFO  c.a.loggingservice.listener.OperationLogListener - 操作日志保存成功: logId=1936053763972558849, userId=1936050972076089345, action=USER_LIST_VIEW
2025-06-20 21:29:51 [org.springframework.amqp.rabbit.RabbitListenerEndpointContainer#0-5] INFO  c.a.loggingservice.listener.OperationLogListener - 接收到操作日志消息: {"ip":"0:0:0:0:0:0:0:1","action":"USER_LOGIN","detail":"{\"username\":\"user2\"}","userId":1936051149784555521}
2025-06-20 21:29:51 [org.springframework.amqp.rabbit.RabbitListenerEndpointContainer#0-5] INFO  c.a.loggingservice.listener.OperationLogListener - 操作日志保存成功: logId=1936053887821967361, userId=1936051149784555521, action=USER_LOGIN
2025-06-20 21:30:02 [org.springframework.amqp.rabbit.RabbitListenerEndpointContainer#0-2] INFO  c.a.loggingservice.listener.OperationLogListener - 接收到操作日志消息: {"ip":"0:0:0:0:0:0:0:1","action":"USER_LIST_VIEW","detail":"{\"resultCount\":9,\"currentUserRole\":\"admin\",\"pageNo\":1,\"viewType\":\"user_list\",\"pageSize\":10}","userId":1936051149784555521}
2025-06-20 21:30:03 [org.springframework.amqp.rabbit.RabbitListenerEndpointContainer#0-2] INFO  c.a.loggingservice.listener.OperationLogListener - 操作日志保存成功: logId=1936053935343431681, userId=1936051149784555521, action=USER_LIST_VIEW
2025-06-20 21:34:03 [Thread-13] WARN  com.alibaba.nacos.common.http.HttpClientBeanHolder - [HttpClientBeanHolder] Start destroying common HttpClient
2025-06-20 21:34:03 [Thread-13] WARN  com.alibaba.nacos.common.http.HttpClientBeanHolder - [HttpClientBeanHolder] Destruction of the end
2025-06-20 21:34:03 [Thread-19] WARN  com.alibaba.nacos.common.notify.NotifyCenter - [NotifyCenter] Start destroying Publisher
2025-06-20 21:34:03 [Thread-19] WARN  com.alibaba.nacos.common.notify.NotifyCenter - [NotifyCenter] Destruction of the end
2025-06-20 21:34:03 [SpringApplicationShutdownHook] INFO  o.s.a.r.listener.SimpleMessageListenerContainer - Waiting for workers to finish.
2025-06-20 21:34:04 [SpringApplicationShutdownHook] INFO  o.s.a.r.listener.SimpleMessageListenerContainer - Successfully waited for workers to finish.
2025-06-20 21:34:04 [SpringApplicationShutdownHook] INFO  c.a.cloud.nacos.registry.NacosServiceRegistry - De-registering from Nacos Server now...
2025-06-20 21:34:04 [SpringApplicationShutdownHook] INFO  c.a.cloud.nacos.registry.NacosServiceRegistry - De-registration finished.
2025-06-20 21:34:13 [SpringApplicationShutdownHook] INFO  com.zaxxer.hikari.HikariDataSource - HikariPool-1 - Shutdown initiated...
2025-06-20 21:34:13 [SpringApplicationShutdownHook] INFO  com.zaxxer.hikari.HikariDataSource - HikariPool-1 - Shutdown completed.
2025-06-20 21:48:42 [main] INFO  c.ajiang.loggingservice.LoggingServiceApplication - Starting LoggingServiceApplication using Java 1.8.0_441 on DESKTOP-59ON6PM with PID 30728 (E:\CodeField\Code_Java\Demo\logging-service\target\classes started by AJiang in E:\CodeField\Code_Java\Demo)
2025-06-20 21:48:42 [main] DEBUG c.ajiang.loggingservice.LoggingServiceApplication - Running with Spring Boot v2.6.3, Spring v5.3.15
2025-06-20 21:48:42 [main] INFO  c.ajiang.loggingservice.LoggingServiceApplication - No active profile set, falling back to default profiles: default
2025-06-20 21:48:44 [main] INFO  o.springframework.cloud.context.scope.GenericScope - BeanFactory id=9be9d094-381d-33ab-964d-57204132b005
2025-06-20 21:48:45 [main] INFO  o.s.boot.web.embedded.tomcat.TomcatWebServer - Tomcat initialized with port(s): 8083 (http)
2025-06-20 21:48:45 [main] INFO  org.apache.catalina.core.StandardService - Starting service [Tomcat]
2025-06-20 21:48:45 [main] INFO  org.apache.catalina.core.StandardEngine - Starting Servlet engine: [Apache Tomcat/9.0.56]
2025-06-20 21:48:45 [main] INFO  o.a.c.core.ContainerBase.[Tomcat].[localhost].[/] - Initializing Spring embedded WebApplicationContext
2025-06-20 21:48:45 [main] INFO  o.s.b.w.s.c.ServletWebServerApplicationContext - Root WebApplicationContext: initialization completed in 2278 ms
2025-06-20 21:48:48 [main] WARN  o.s.c.l.c.LoadBalancerCacheAutoConfiguration$LoadBalancerCaffeineWarnLogger - Spring Cloud LoadBalancer is currently working with the default cache. While this cache implementation is useful for development and tests, it's recommended to use Caffeine cache in production.You can switch to using Caffeine cache, by adding it and org.springframework.cache.caffeine.CaffeineCacheManager to the classpath.
2025-06-20 21:48:49 [main] INFO  o.s.b.actuate.endpoint.web.EndpointLinksResolver - Exposing 3 endpoint(s) beneath base path '/actuator'
2025-06-20 21:48:49 [main] INFO  o.s.boot.web.embedded.tomcat.TomcatWebServer - Tomcat started on port(s): 8083 (http) with context path ''
2025-06-20 21:48:49 [main] INFO  c.a.cloud.nacos.registry.NacosServiceRegistry - nacos registry, DEFAULT_GROUP logging-service 10.200.103.211:8083 register finished
2025-06-20 21:48:49 [main] INFO  o.s.a.rabbit.connection.CachingConnectionFactory - Attempting to connect to: [192.168.127.102:5672]
2025-06-20 21:48:50 [main] INFO  o.s.a.rabbit.connection.CachingConnectionFactory - Created new connection: rabbitConnectionFactory#6dcf7b6a:0/SimpleConnection@b6136eb [delegate=amqp://admin@192.168.127.102:5672/, localPort= 11994]
2025-06-20 21:48:50 [main] INFO  c.ajiang.loggingservice.LoggingServiceApplication - Started LoggingServiceApplication in 8.314 seconds (JVM running for 9.475)
2025-06-20 21:48:50 [RMI TCP Connection(2)-10.200.103.211] INFO  o.a.c.core.ContainerBase.[Tomcat].[localhost].[/] - Initializing Spring DispatcherServlet 'dispatcherServlet'
2025-06-20 21:48:50 [RMI TCP Connection(2)-10.200.103.211] INFO  org.springframework.web.servlet.DispatcherServlet - Initializing Servlet 'dispatcherServlet'
2025-06-20 21:48:50 [RMI TCP Connection(2)-10.200.103.211] INFO  org.springframework.web.servlet.DispatcherServlet - Completed initialization in 2 ms
2025-06-20 21:48:50 [RMI TCP Connection(4)-10.200.103.211] INFO  com.zaxxer.hikari.HikariDataSource - HikariPool-1 - Starting...
2025-06-20 21:48:51 [RMI TCP Connection(4)-10.200.103.211] INFO  com.zaxxer.hikari.HikariDataSource - HikariPool-1 - Start completed.
2025-06-20 21:49:43 [org.springframework.amqp.rabbit.RabbitListenerEndpointContainer#0-1] INFO  c.a.loggingservice.listener.OperationLogListener - 接收到操作日志消息: {"ip":"0:0:0:0:0:0:0:1","action":"USER_REGISTER","detail":"{\"phone\":\"13800138000\",\"email\":\"user0@example.com\",\"username\":\"user0\"}","userId":1936058884185972737}
2025-06-20 21:49:43 [org.springframework.amqp.rabbit.RabbitListenerEndpointContainer#0-1] INFO  c.a.loggingservice.listener.OperationLogListener - 操作日志保存成功: logId=1936058887516295169, userId=1936058884185972737, action=USER_REGISTER
2025-06-20 21:49:50 [org.springframework.amqp.rabbit.RabbitListenerEndpointContainer#0-4] INFO  c.a.loggingservice.listener.OperationLogListener - 接收到操作日志消息: {"ip":"0:0:0:0:0:0:0:1","action":"USER_REGISTER","detail":"{\"phone\":\"13800138000\",\"email\":\"user1@example.com\",\"username\":\"user1\"}","userId":1936058915882328066}
2025-06-20 21:49:50 [org.springframework.amqp.rabbit.RabbitListenerEndpointContainer#0-4] INFO  c.a.loggingservice.listener.OperationLogListener - 操作日志保存成功: logId=1936058916012396545, userId=1936058915882328066, action=USER_REGISTER
2025-06-20 21:49:54 [org.springframework.amqp.rabbit.RabbitListenerEndpointContainer#0-3] INFO  c.a.loggingservice.listener.OperationLogListener - 接收到操作日志消息: {"ip":"0:0:0:0:0:0:0:1","action":"USER_REGISTER","detail":"{\"phone\":\"13800138000\",\"email\":\"user2@example.com\",\"username\":\"user2\"}","userId":1936058934215630849}
2025-06-20 21:49:54 [org.springframework.amqp.rabbit.RabbitListenerEndpointContainer#0-3] INFO  c.a.loggingservice.listener.OperationLogListener - 操作日志保存成功: logId=1936058934341505025, userId=1936058934215630849, action=USER_REGISTER
2025-06-20 21:49:59 [org.springframework.amqp.rabbit.RabbitListenerEndpointContainer#0-2] INFO  c.a.loggingservice.listener.OperationLogListener - 接收到操作日志消息: {"ip":"0:0:0:0:0:0:0:1","action":"USER_REGISTER","detail":"{\"phone\":\"13800138000\",\"email\":\"user3@example.com\",\"username\":\"user3\"}","userId":1936058952024645633}
2025-06-20 21:49:59 [org.springframework.amqp.rabbit.RabbitListenerEndpointContainer#0-2] INFO  c.a.loggingservice.listener.OperationLogListener - 操作日志保存成功: logId=1936058952163102722, userId=1936058952024645633, action=USER_REGISTER
2025-06-20 21:50:03 [org.springframework.amqp.rabbit.RabbitListenerEndpointContainer#0-5] INFO  c.a.loggingservice.listener.OperationLogListener - 接收到操作日志消息: {"ip":"0:0:0:0:0:0:0:1","action":"USER_REGISTER","detail":"{\"phone\":\"13800138000\",\"email\":\"user4@example.com\",\"username\":\"user4\"}","userId":1936058970689298434}
2025-06-20 21:50:03 [org.springframework.amqp.rabbit.RabbitListenerEndpointContainer#0-5] INFO  c.a.loggingservice.listener.OperationLogListener - 操作日志保存成功: logId=1936058970815172609, userId=1936058970689298434, action=USER_REGISTER
2025-06-20 21:50:07 [org.springframework.amqp.rabbit.RabbitListenerEndpointContainer#0-1] INFO  c.a.loggingservice.listener.OperationLogListener - 接收到操作日志消息: {"ip":"0:0:0:0:0:0:0:1","action":"USER_REGISTER","detail":"{\"phone\":\"13800138000\",\"email\":\"user5@example.com\",\"username\":\"user5\"}","userId":1936058986329858050}
2025-06-20 21:50:07 [org.springframework.amqp.rabbit.RabbitListenerEndpointContainer#0-1] INFO  c.a.loggingservice.listener.OperationLogListener - 操作日志保存成功: logId=1936058986392817665, userId=1936058986329858050, action=USER_REGISTER
2025-06-20 21:50:11 [org.springframework.amqp.rabbit.RabbitListenerEndpointContainer#0-4] INFO  c.a.loggingservice.listener.OperationLogListener - 接收到操作日志消息: {"ip":"0:0:0:0:0:0:0:1","action":"USER_REGISTER","detail":"{\"phone\":\"13800138000\",\"email\":\"user6@example.com\",\"username\":\"user6\"}","userId":1936059004285673474}
2025-06-20 21:50:11 [org.springframework.amqp.rabbit.RabbitListenerEndpointContainer#0-4] INFO  c.a.loggingservice.listener.OperationLogListener - 操作日志保存成功: logId=1936059004352827394, userId=1936059004285673474, action=USER_REGISTER
2025-06-20 21:50:15 [org.springframework.amqp.rabbit.RabbitListenerEndpointContainer#0-3] INFO  c.a.loggingservice.listener.OperationLogListener - 接收到操作日志消息: {"ip":"0:0:0:0:0:0:0:1","action":"USER_REGISTER","detail":"{\"phone\":\"13800138000\",\"email\":\"user7@example.com\",\"username\":\"user7\"}","userId":1936059021616537602}
2025-06-20 21:50:15 [org.springframework.amqp.rabbit.RabbitListenerEndpointContainer#0-3] INFO  c.a.loggingservice.listener.OperationLogListener - 操作日志保存成功: logId=1936059021750800386, userId=1936059021616537602, action=USER_REGISTER
2025-06-20 21:50:19 [org.springframework.amqp.rabbit.RabbitListenerEndpointContainer#0-2] INFO  c.a.loggingservice.listener.OperationLogListener - 接收到操作日志消息: {"ip":"0:0:0:0:0:0:0:1","action":"USER_REGISTER","detail":"{\"phone\":\"13800138000\",\"email\":\"user8@example.com\",\"username\":\"user8\"}","userId":1936059039522021378}
2025-06-20 21:50:19 [org.springframework.amqp.rabbit.RabbitListenerEndpointContainer#0-2] INFO  c.a.loggingservice.listener.OperationLogListener - 操作日志保存成功: logId=1936059039652089858, userId=1936059039522021378, action=USER_REGISTER
2025-06-20 21:50:24 [org.springframework.amqp.rabbit.RabbitListenerEndpointContainer#0-5] INFO  c.a.loggingservice.listener.OperationLogListener - 接收到操作日志消息: {"ip":"0:0:0:0:0:0:0:1","action":"USER_REGISTER","detail":"{\"phone\":\"13800138000\",\"email\":\"user9@example.com\",\"username\":\"user9\"}","userId":1936059060619370498}
2025-06-20 21:50:24 [org.springframework.amqp.rabbit.RabbitListenerEndpointContainer#0-5] INFO  c.a.loggingservice.listener.OperationLogListener - 操作日志保存成功: logId=1936059060686524417, userId=1936059060619370498, action=USER_REGISTER
2025-06-20 21:50:31 [org.springframework.amqp.rabbit.RabbitListenerEndpointContainer#0-1] INFO  c.a.loggingservice.listener.OperationLogListener - 接收到操作日志消息: {"ip":"0:0:0:0:0:0:0:1","action":"USER_REGISTER","detail":"{\"phone\":\"13800138000\",\"email\":\"user10@example.com\",\"username\":\"user10\"}","userId":1936059086275928065}
2025-06-20 21:50:31 [org.springframework.amqp.rabbit.RabbitListenerEndpointContainer#0-1] INFO  c.a.loggingservice.listener.OperationLogListener - 操作日志保存成功: logId=1936059086661849089, userId=1936059086275928065, action=USER_REGISTER
2025-06-20 22:02:00 [org.springframework.amqp.rabbit.RabbitListenerEndpointContainer#0-4] INFO  c.a.loggingservice.listener.OperationLogListener - 接收到操作日志消息: {"ip":"0:0:0:0:0:0:0:1","action":"USER_REGISTER","detail":"{\"phone\":\"13800138000\",\"email\":\"user11@example.com\",\"username\":\"user11\"}","userId":1936061977883586561}
2025-06-20 22:02:00 [org.springframework.amqp.rabbit.RabbitListenerEndpointContainer#0-4] INFO  c.a.loggingservice.listener.OperationLogListener - 操作日志保存成功: logId=1936061979947274241, userId=1936061977883586561, action=USER_REGISTER
2025-06-20 22:14:55 [Thread-21] WARN  com.alibaba.nacos.common.notify.NotifyCenter - [NotifyCenter] Start destroying Publisher
2025-06-20 22:14:55 [Thread-15] WARN  com.alibaba.nacos.common.http.HttpClientBeanHolder - [HttpClientBeanHolder] Start destroying common HttpClient
2025-06-20 22:14:55 [Thread-21] WARN  com.alibaba.nacos.common.notify.NotifyCenter - [NotifyCenter] Destruction of the end
2025-06-20 22:14:55 [Thread-15] WARN  com.alibaba.nacos.common.http.HttpClientBeanHolder - [HttpClientBeanHolder] Destruction of the end
2025-06-20 22:14:55 [SpringApplicationShutdownHook] INFO  o.s.a.r.listener.SimpleMessageListenerContainer - Waiting for workers to finish.
2025-06-20 22:14:56 [SpringApplicationShutdownHook] INFO  o.s.a.r.listener.SimpleMessageListenerContainer - Successfully waited for workers to finish.
2025-06-20 22:14:56 [SpringApplicationShutdownHook] INFO  c.a.cloud.nacos.registry.NacosServiceRegistry - De-registering from Nacos Server now...
2025-06-20 22:14:56 [SpringApplicationShutdownHook] INFO  c.a.cloud.nacos.registry.NacosServiceRegistry - De-registration finished.
2025-06-20 22:15:03 [SpringApplicationShutdownHook] INFO  com.zaxxer.hikari.HikariDataSource - HikariPool-1 - Shutdown initiated...
2025-06-20 22:15:03 [SpringApplicationShutdownHook] INFO  com.zaxxer.hikari.HikariDataSource - HikariPool-1 - Shutdown completed.
2025-06-20 22:15:12 [main] INFO  c.ajiang.loggingservice.LoggingServiceApplication - Starting LoggingServiceApplication using Java 1.8.0_441 on DESKTOP-59ON6PM with PID 37956 (E:\CodeField\Code_Java\Demo\logging-service\target\classes started by AJiang in E:\CodeField\Code_Java\Demo)
2025-06-20 22:15:12 [main] DEBUG c.ajiang.loggingservice.LoggingServiceApplication - Running with Spring Boot v2.6.3, Spring v5.3.15
2025-06-20 22:15:12 [main] INFO  c.ajiang.loggingservice.LoggingServiceApplication - No active profile set, falling back to default profiles: default
2025-06-20 22:15:14 [main] INFO  o.springframework.cloud.context.scope.GenericScope - BeanFactory id=9be9d094-381d-33ab-964d-57204132b005
2025-06-20 22:15:15 [main] INFO  o.s.boot.web.embedded.tomcat.TomcatWebServer - Tomcat initialized with port(s): 8083 (http)
2025-06-20 22:15:15 [main] INFO  org.apache.catalina.core.StandardService - Starting service [Tomcat]
2025-06-20 22:15:15 [main] INFO  org.apache.catalina.core.StandardEngine - Starting Servlet engine: [Apache Tomcat/9.0.56]
2025-06-20 22:15:15 [main] INFO  o.a.c.core.ContainerBase.[Tomcat].[localhost].[/] - Initializing Spring embedded WebApplicationContext
2025-06-20 22:15:15 [main] INFO  o.s.b.w.s.c.ServletWebServerApplicationContext - Root WebApplicationContext: initialization completed in 2263 ms
2025-06-20 22:15:18 [main] WARN  o.s.c.l.c.LoadBalancerCacheAutoConfiguration$LoadBalancerCaffeineWarnLogger - Spring Cloud LoadBalancer is currently working with the default cache. While this cache implementation is useful for development and tests, it's recommended to use Caffeine cache in production.You can switch to using Caffeine cache, by adding it and org.springframework.cache.caffeine.CaffeineCacheManager to the classpath.
2025-06-20 22:15:18 [main] INFO  o.s.b.actuate.endpoint.web.EndpointLinksResolver - Exposing 3 endpoint(s) beneath base path '/actuator'
2025-06-20 22:15:18 [main] INFO  o.s.boot.web.embedded.tomcat.TomcatWebServer - Tomcat started on port(s): 8083 (http) with context path ''
2025-06-20 22:15:18 [main] INFO  c.a.cloud.nacos.registry.NacosServiceRegistry - nacos registry, DEFAULT_GROUP logging-service 10.200.103.211:8083 register finished
2025-06-20 22:15:18 [main] INFO  o.s.a.rabbit.connection.CachingConnectionFactory - Attempting to connect to: [192.168.127.102:5672]
2025-06-20 22:15:18 [main] INFO  o.s.a.rabbit.connection.CachingConnectionFactory - Created new connection: rabbitConnectionFactory#4ccdacf5:0/SimpleConnection@2419fe6f [delegate=amqp://admin@192.168.127.102:5672/, localPort= 8213]
2025-06-20 22:15:18 [main] INFO  c.ajiang.loggingservice.LoggingServiceApplication - Started LoggingServiceApplication in 6.92 seconds (JVM running for 7.885)
2025-06-20 22:15:19 [RMI TCP Connection(2)-10.200.103.211] INFO  o.a.c.core.ContainerBase.[Tomcat].[localhost].[/] - Initializing Spring DispatcherServlet 'dispatcherServlet'
2025-06-20 22:15:19 [RMI TCP Connection(2)-10.200.103.211] INFO  org.springframework.web.servlet.DispatcherServlet - Initializing Servlet 'dispatcherServlet'
2025-06-20 22:15:19 [RMI TCP Connection(2)-10.200.103.211] INFO  org.springframework.web.servlet.DispatcherServlet - Completed initialization in 3 ms
2025-06-20 22:15:19 [RMI TCP Connection(1)-10.200.103.211] INFO  com.zaxxer.hikari.HikariDataSource - HikariPool-1 - Starting...
2025-06-20 22:15:19 [RMI TCP Connection(1)-10.200.103.211] INFO  com.zaxxer.hikari.HikariDataSource - HikariPool-1 - Start completed.
2025-06-20 22:17:23 [Thread-14] WARN  com.alibaba.nacos.common.http.HttpClientBeanHolder - [HttpClientBeanHolder] Start destroying common HttpClient
2025-06-20 22:17:23 [Thread-14] WARN  com.alibaba.nacos.common.http.HttpClientBeanHolder - [HttpClientBeanHolder] Destruction of the end
2025-06-20 22:17:23 [Thread-20] WARN  com.alibaba.nacos.common.notify.NotifyCenter - [NotifyCenter] Start destroying Publisher
2025-06-20 22:17:23 [Thread-20] WARN  com.alibaba.nacos.common.notify.NotifyCenter - [NotifyCenter] Destruction of the end
2025-06-20 22:17:23 [SpringApplicationShutdownHook] INFO  o.s.a.r.listener.SimpleMessageListenerContainer - Waiting for workers to finish.
2025-06-20 22:17:23 [SpringApplicationShutdownHook] INFO  o.s.a.r.listener.SimpleMessageListenerContainer - Successfully waited for workers to finish.
2025-06-20 22:17:23 [SpringApplicationShutdownHook] INFO  c.a.cloud.nacos.registry.NacosServiceRegistry - De-registering from Nacos Server now...
2025-06-20 22:17:23 [SpringApplicationShutdownHook] INFO  c.a.cloud.nacos.registry.NacosServiceRegistry - De-registration finished.
2025-06-20 22:27:53 [main] INFO  c.ajiang.loggingservice.LoggingServiceApplication - Starting LoggingServiceApplication using Java 1.8.0_441 on DESKTOP-59ON6PM with PID 10220 (E:\CodeField\Code_Java\Demo\logging-service\target\classes started by AJiang in E:\CodeField\Code_Java\Demo)
2025-06-20 22:27:53 [main] DEBUG c.ajiang.loggingservice.LoggingServiceApplication - Running with Spring Boot v2.6.3, Spring v5.3.15
2025-06-20 22:27:53 [main] INFO  c.ajiang.loggingservice.LoggingServiceApplication - No active profile set, falling back to default profiles: default
2025-06-20 22:27:54 [main] INFO  o.springframework.cloud.context.scope.GenericScope - BeanFactory id=9be9d094-381d-33ab-964d-57204132b005
2025-06-20 22:27:55 [main] INFO  o.s.boot.web.embedded.tomcat.TomcatWebServer - Tomcat initialized with port(s): 8083 (http)
2025-06-20 22:27:55 [main] INFO  org.apache.catalina.core.StandardService - Starting service [Tomcat]
2025-06-20 22:27:55 [main] INFO  org.apache.catalina.core.StandardEngine - Starting Servlet engine: [Apache Tomcat/9.0.56]
2025-06-20 22:27:55 [main] INFO  o.a.c.core.ContainerBase.[Tomcat].[localhost].[/] - Initializing Spring embedded WebApplicationContext
2025-06-20 22:27:55 [main] INFO  o.s.b.w.s.c.ServletWebServerApplicationContext - Root WebApplicationContext: initialization completed in 1557 ms
2025-06-20 22:27:58 [main] WARN  o.s.c.l.c.LoadBalancerCacheAutoConfiguration$LoadBalancerCaffeineWarnLogger - Spring Cloud LoadBalancer is currently working with the default cache. While this cache implementation is useful for development and tests, it's recommended to use Caffeine cache in production.You can switch to using Caffeine cache, by adding it and org.springframework.cache.caffeine.CaffeineCacheManager to the classpath.
2025-06-20 22:27:58 [main] INFO  o.s.b.actuate.endpoint.web.EndpointLinksResolver - Exposing 3 endpoint(s) beneath base path '/actuator'
2025-06-20 22:27:58 [main] INFO  o.s.boot.web.embedded.tomcat.TomcatWebServer - Tomcat started on port(s): 8083 (http) with context path ''
2025-06-20 22:27:58 [main] INFO  c.a.cloud.nacos.registry.NacosServiceRegistry - nacos registry, DEFAULT_GROUP logging-service 10.200.103.211:8083 register finished
2025-06-20 22:27:58 [main] INFO  o.s.a.rabbit.connection.CachingConnectionFactory - Attempting to connect to: [192.168.127.102:5672]
2025-06-20 22:27:58 [main] INFO  o.s.a.rabbit.connection.CachingConnectionFactory - Created new connection: rabbitConnectionFactory#74ce7fdf:0/SimpleConnection@6cbbfe29 [delegate=amqp://admin@192.168.127.102:5672/, localPort= 8446]
2025-06-20 22:27:59 [main] INFO  c.ajiang.loggingservice.LoggingServiceApplication - Started LoggingServiceApplication in 6.122 seconds (JVM running for 6.943)
2025-06-20 22:27:59 [RMI TCP Connection(2)-10.200.103.211] INFO  o.a.c.core.ContainerBase.[Tomcat].[localhost].[/] - Initializing Spring DispatcherServlet 'dispatcherServlet'
2025-06-20 22:27:59 [RMI TCP Connection(2)-10.200.103.211] INFO  org.springframework.web.servlet.DispatcherServlet - Initializing Servlet 'dispatcherServlet'
2025-06-20 22:27:59 [RMI TCP Connection(2)-10.200.103.211] INFO  org.springframework.web.servlet.DispatcherServlet - Completed initialization in 2 ms
2025-06-20 22:27:59 [RMI TCP Connection(4)-10.200.103.211] INFO  com.zaxxer.hikari.HikariDataSource - HikariPool-1 - Starting...
2025-06-20 22:27:59 [RMI TCP Connection(4)-10.200.103.211] INFO  com.zaxxer.hikari.HikariDataSource - HikariPool-1 - Start completed.
2025-06-20 22:28:12 [org.springframework.amqp.rabbit.RabbitListenerEndpointContainer#0-5] INFO  c.a.loggingservice.listener.OperationLogListener - 接收到操作日志消息: {"ip":"0:0:0:0:0:0:0:1","action":"USER_REGISTER","detail":"{\"phone\":\"13800138000\",\"email\":\"user0@example.com\",\"username\":\"user0\"}","userId":1936068570540945409}
2025-06-20 22:28:12 [org.springframework.amqp.rabbit.RabbitListenerEndpointContainer#0-5] INFO  c.a.loggingservice.listener.OperationLogListener - 操作日志保存成功: logId=1936068572935921666, userId=1936068570540945409, action=USER_REGISTER
2025-06-20 22:28:17 [org.springframework.amqp.rabbit.RabbitListenerEndpointContainer#0-2] INFO  c.a.loggingservice.listener.OperationLogListener - 接收到操作日志消息: {"ip":"0:0:0:0:0:0:0:1","action":"USER_REGISTER","detail":"{\"phone\":\"13800138000\",\"email\":\"user1@example.com\",\"username\":\"user1\"}","userId":1936068594163265537}
2025-06-20 22:28:17 [org.springframework.amqp.rabbit.RabbitListenerEndpointContainer#0-2] INFO  c.a.loggingservice.listener.OperationLogListener - 操作日志保存成功: logId=1936068594305900545, userId=1936068594163265537, action=USER_REGISTER
2025-06-20 22:28:22 [org.springframework.amqp.rabbit.RabbitListenerEndpointContainer#0-3] INFO  c.a.loggingservice.listener.OperationLogListener - 接收到操作日志消息: {"ip":"0:0:0:0:0:0:0:1","action":"USER_REGISTER","detail":"{\"phone\":\"13800138000\",\"email\":\"user2@example.com\",\"username\":\"user2\"}","userId":1936068611502518274}
2025-06-20 22:28:22 [org.springframework.amqp.rabbit.RabbitListenerEndpointContainer#0-3] INFO  c.a.loggingservice.listener.OperationLogListener - 操作日志保存成功: logId=1936068611536101378, userId=1936068611502518274, action=USER_REGISTER
2025-06-20 22:28:25 [org.springframework.amqp.rabbit.RabbitListenerEndpointContainer#0-4] INFO  c.a.loggingservice.listener.OperationLogListener - 接收到操作日志消息: {"ip":"0:0:0:0:0:0:0:1","action":"USER_REGISTER","detail":"{\"phone\":\"13800138000\",\"email\":\"user3@example.com\",\"username\":\"user3\"}","userId":1936068627336015873}
2025-06-20 22:28:25 [org.springframework.amqp.rabbit.RabbitListenerEndpointContainer#0-4] INFO  c.a.loggingservice.listener.OperationLogListener - 操作日志保存成功: logId=1936068627373793282, userId=1936068627336015873, action=USER_REGISTER
2025-06-20 22:28:44 [org.springframework.amqp.rabbit.RabbitListenerEndpointContainer#0-1] INFO  c.a.loggingservice.listener.OperationLogListener - 接收到操作日志消息: {"ip":"0:0:0:0:0:0:0:1","action":"USER_REGISTER","detail":"{\"phone\":\"13800138000\",\"email\":\"user4@example.com\",\"username\":\"user4\"}","userId":1936068706742579202}
2025-06-20 22:28:44 [org.springframework.amqp.rabbit.RabbitListenerEndpointContainer#0-1] INFO  c.a.loggingservice.listener.OperationLogListener - 操作日志保存成功: logId=1936068706801328130, userId=1936068706742579202, action=USER_REGISTER
2025-06-20 22:28:49 [org.springframework.amqp.rabbit.RabbitListenerEndpointContainer#0-5] INFO  c.a.loggingservice.listener.OperationLogListener - 接收到操作日志消息: {"ip":"0:0:0:0:0:0:0:1","action":"USER_REGISTER","detail":"{\"phone\":\"13800138000\",\"email\":\"user5@example.com\",\"username\":\"user5\"}","userId":1936068726065737730}
2025-06-20 22:28:49 [org.springframework.amqp.rabbit.RabbitListenerEndpointContainer#0-5] INFO  c.a.loggingservice.listener.OperationLogListener - 操作日志保存成功: logId=1936068726179012609, userId=1936068726065737730, action=USER_REGISTER
2025-06-20 22:28:53 [org.springframework.amqp.rabbit.RabbitListenerEndpointContainer#0-2] INFO  c.a.loggingservice.listener.OperationLogListener - 接收到操作日志消息: {"ip":"0:0:0:0:0:0:0:1","action":"USER_REGISTER","detail":"{\"phone\":\"13800138000\",\"email\":\"user6@example.com\",\"username\":\"user6\"}","userId":1936068741710491650}
2025-06-20 22:28:53 [org.springframework.amqp.rabbit.RabbitListenerEndpointContainer#0-2] INFO  c.a.loggingservice.listener.OperationLogListener - 操作日志保存成功: logId=1936068741777629185, userId=1936068741710491650, action=USER_REGISTER
2025-06-20 22:29:25 [org.springframework.amqp.rabbit.RabbitListenerEndpointContainer#0-3] INFO  c.a.loggingservice.listener.OperationLogListener - 接收到操作日志消息: {"ip":"0:0:0:0:0:0:0:1","action":"USER_REGISTER","detail":"{\"phone\":\"13800138000\",\"email\":\"user7@example.com\",\"username\":\"user7\"}","userId":1936068877106819074}
2025-06-20 22:29:25 [org.springframework.amqp.rabbit.RabbitListenerEndpointContainer#0-3] INFO  c.a.loggingservice.listener.OperationLogListener - 操作日志保存成功: logId=1936068877173956610, userId=1936068877106819074, action=USER_REGISTER
2025-06-20 22:29:44 [org.springframework.amqp.rabbit.RabbitListenerEndpointContainer#0-4] INFO  c.a.loggingservice.listener.OperationLogListener - 接收到操作日志消息: {"ip":"0:0:0:0:0:0:0:1","action":"USER_REGISTER","detail":"{\"phone\":\"13800138000\",\"email\":\"user100@example.com\",\"username\":\"user100\"}","userId":1936068957553569794}
2025-06-20 22:29:44 [org.springframework.amqp.rabbit.RabbitListenerEndpointContainer#0-4] INFO  c.a.loggingservice.listener.OperationLogListener - 操作日志保存成功: logId=1936068957620707330, userId=1936068957553569794, action=USER_REGISTER
2025-06-20 22:29:54 [org.springframework.amqp.rabbit.RabbitListenerEndpointContainer#0-1] INFO  c.a.loggingservice.listener.OperationLogListener - 接收到操作日志消息: {"ip":"0:0:0:0:0:0:0:1","action":"USER_REGISTER","detail":"{\"phone\":\"13800138000\",\"email\":\"user10000@example.com\",\"username\":\"user10000\"}","userId":1936068998578057217}
2025-06-20 22:29:54 [org.springframework.amqp.rabbit.RabbitListenerEndpointContainer#0-1] INFO  c.a.loggingservice.listener.OperationLogListener - 操作日志保存成功: logId=1936068998641000449, userId=1936068998578057217, action=USER_REGISTER
2025-06-20 22:32:00 [Thread-18] WARN  com.alibaba.nacos.common.notify.NotifyCenter - [NotifyCenter] Start destroying Publisher
2025-06-20 22:32:00 [Thread-12] WARN  com.alibaba.nacos.common.http.HttpClientBeanHolder - [HttpClientBeanHolder] Start destroying common HttpClient
2025-06-20 22:32:00 [Thread-18] WARN  com.alibaba.nacos.common.notify.NotifyCenter - [NotifyCenter] Destruction of the end
2025-06-20 22:32:00 [Thread-12] WARN  com.alibaba.nacos.common.http.HttpClientBeanHolder - [HttpClientBeanHolder] Destruction of the end
2025-06-20 22:32:00 [SpringApplicationShutdownHook] INFO  o.s.a.r.listener.SimpleMessageListenerContainer - Waiting for workers to finish.
2025-06-20 22:32:01 [SpringApplicationShutdownHook] INFO  o.s.a.r.listener.SimpleMessageListenerContainer - Successfully waited for workers to finish.
2025-06-20 22:32:01 [SpringApplicationShutdownHook] INFO  c.a.cloud.nacos.registry.NacosServiceRegistry - De-registering from Nacos Server now...
2025-06-20 22:32:01 [SpringApplicationShutdownHook] INFO  c.a.cloud.nacos.registry.NacosServiceRegistry - De-registration finished.
2025-06-20 22:32:10 [SpringApplicationShutdownHook] INFO  com.zaxxer.hikari.HikariDataSource - HikariPool-1 - Shutdown initiated...
2025-06-20 22:32:10 [SpringApplicationShutdownHook] INFO  com.zaxxer.hikari.HikariDataSource - HikariPool-1 - Shutdown completed.
